<?xml version="1.0" encoding="UTF-8"?>
<testng-results skipped="0" failed="0" total="7" passed="7">
  <reporter-output>
  </reporter-output>
  <suite name="Default suite" duration-ms="74566" started-at="2014-11-26T09:36:44Z" finished-at="2014-11-26T09:37:59Z">
    <groups>
    </groups>
    <test name="Default test" duration-ms="74566" started-at="2014-11-26T09:36:44Z" finished-at="2014-11-26T09:37:59Z">
      <class name="hub.test.RegressionSuite.UserProductSelectionTest">
        <test-method status="PASS" signature="Startup(java.lang.String)[pri:0, instance:hub.test.RegressionSuite.UserProductSelectionTest@4df4a45d]" name="Startup" is-config="true" duration-ms="19349" started-at="2014-11-26T17:36:44Z" finished-at="2014-11-26T17:37:04Z">
          <params>
            <param index="0">
              <value is-null="true"/>
            </param>
          </params>
          <reporter-output>
          </reporter-output>
        </test-method> <!-- Startup -->
        <test-method status="PASS" signature="init()[pri:0, instance:hub.test.RegressionSuite.UserProductSelectionTest@4df4a45d]" name="init" is-config="true" duration-ms="8119" started-at="2014-11-26T17:37:04Z" finished-at="2014-11-26T17:37:12Z">
          <reporter-output>
          </reporter-output>
        </test-method> <!-- init -->
        <test-method status="PASS" signature="RT_02619_No_Prompt_Originator_Details()[pri:0, instance:hub.test.RegressionSuite.UserProductSelectionTest@4df4a45d]" name="RT_02619_No_Prompt_Originator_Details" duration-ms="28523" started-at="2014-11-26T17:37:12Z" description="User - Product Selection" finished-at="2014-11-26T17:37:40Z">
          <reporter-output>
          </reporter-output>
        </test-method> <!-- RT_02619_No_Prompt_Originator_Details -->
        <test-method status="PASS" signature="RT_02654_Prompt_Originator_Details()[pri:0, instance:hub.test.RegressionSuite.UserProductSelectionTest@4df4a45d]" name="RT_02654_Prompt_Originator_Details" duration-ms="5477" started-at="2014-11-26T17:37:40Z" description="User - Product Selection" finished-at="2014-11-26T17:37:46Z">
          <reporter-output>
          </reporter-output>
        </test-method> <!-- RT_02654_Prompt_Originator_Details -->
        <test-method status="PASS" signature="RT_02269_Proceed_Product_Selection_Link()[pri:0, instance:hub.test.RegressionSuite.UserProductSelectionTest@4df4a45d]" name="RT_02269_Proceed_Product_Selection_Link" duration-ms="89" started-at="2014-11-26T17:37:46Z" description="User - Product Selection" finished-at="2014-11-26T17:37:46Z">
          <reporter-output>
          </reporter-output>
        </test-method> <!-- RT_02269_Proceed_Product_Selection_Link -->
        <test-method status="PASS" signature="RT_03117_Information_Icon_Hover()[pri:0, instance:hub.test.RegressionSuite.UserProductSelectionTest@4df4a45d]" name="RT_03117_Information_Icon_Hover" duration-ms="380" started-at="2014-11-26T17:37:46Z" description="User - Product Selection" finished-at="2014-11-26T17:37:46Z">
          <reporter-output>
          </reporter-output>
        </test-method> <!-- RT_03117_Information_Icon_Hover -->
        <test-method status="PASS" signature="RT_03107_Property_Type_Field()[pri:0, instance:hub.test.RegressionSuite.UserProductSelectionTest@4df4a45d]" name="RT_03107_Property_Type_Field" duration-ms="4014" started-at="2014-11-26T17:37:46Z" description="User - Product Selection" finished-at="2014-11-26T17:37:50Z">
          <reporter-output>
          </reporter-output>
        </test-method> <!-- RT_03107_Property_Type_Field -->
        <test-method status="PASS" signature="RT_02678_OEVPP_Required_Numeric()[pri:0, instance:hub.test.RegressionSuite.UserProductSelectionTest@4df4a45d]" name="RT_02678_OEVPP_Required_Numeric" duration-ms="4026" started-at="2014-11-26T17:37:50Z" description="User - Product Selection" finished-at="2014-11-26T17:37:54Z">
          <reporter-output>
          </reporter-output>
        </test-method> <!-- RT_02678_OEVPP_Required_Numeric -->
        <test-method status="PASS" signature="RT_02375_OEVPP_Formatted()[pri:0, instance:hub.test.RegressionSuite.UserProductSelectionTest@4df4a45d]" name="RT_02375_OEVPP_Formatted" duration-ms="4424" started-at="2014-11-26T17:37:54Z" description="User - Product Selection" finished-at="2014-11-26T17:37:59Z">
          <reporter-output>
          </reporter-output>
        </test-method> <!-- RT_02375_OEVPP_Formatted -->
        <test-method status="PASS" signature="teardown()[pri:0, instance:hub.test.RegressionSuite.UserProductSelectionTest@4df4a45d]" name="teardown" is-config="true" duration-ms="140" started-at="2014-11-26T17:37:59Z" finished-at="2014-11-26T17:37:59Z">
          <reporter-output>
          </reporter-output>
        </test-method> <!-- teardown -->
      </class> <!-- hub.test.RegressionSuite.UserProductSelectionTest -->
    </test> <!-- Default test -->
  </suite> <!-- Default suite -->
</testng-results>
